2011-12-13 09:59:50 Notice: Notice (8): Undefined index:  0 in [/home/wwwstage/public_html/app/Controller/PaymentDetailsController.php, line 82]
Trace:
PaymentDetailsController::edit() - APP/Controller/PaymentDetailsController.php, line 82
ReflectionMethod::invokeArgs() - [internal], line ??
Controller::invokeAction() - CORE/Cake/Controller/Controller.php, line 473
Dispatcher::_invoke() - CORE/Cake/Routing/Dispatcher.php, line 107
Dispatcher::dispatch() - CORE/Cake/Routing/Dispatcher.php, line 89
[main] - APP/webroot/index.php, line 96

2011-12-13 09:59:51 Notice: Notice (8): Undefined index:  0 in [/home/wwwstage/public_html/app/Controller/PaymentDetailsController.php, line 48]
Trace:
PaymentDetailsController::add() - APP/Controller/PaymentDetailsController.php, line 48
ReflectionMethod::invokeArgs() - [internal], line ??
Controller::invokeAction() - CORE/Cake/Controller/Controller.php, line 473
Dispatcher::_invoke() - CORE/Cake/Routing/Dispatcher.php, line 107
Dispatcher::dispatch() - CORE/Cake/Routing/Dispatcher.php, line 89
[main] - APP/webroot/index.php, line 96

2011-12-13 09:59:59 Notice: Notice (8): Undefined index:  0 in [/home/wwwstage/public_html/app/Controller/PaymentDetailsController.php, line 82]
Trace:
PaymentDetailsController::edit() - APP/Controller/PaymentDetailsController.php, line 82
ReflectionMethod::invokeArgs() - [internal], line ??
Controller::invokeAction() - CORE/Cake/Controller/Controller.php, line 473
Dispatcher::_invoke() - CORE/Cake/Routing/Dispatcher.php, line 107
Dispatcher::dispatch() - CORE/Cake/Routing/Dispatcher.php, line 89
[main] - APP/webroot/index.php, line 96

2011-12-13 09:59:59 Notice: Notice (8): Undefined index:  0 in [/home/wwwstage/public_html/app/Controller/PaymentDetailsController.php, line 48]
Trace:
PaymentDetailsController::add() - APP/Controller/PaymentDetailsController.php, line 48
ReflectionMethod::invokeArgs() - [internal], line ??
Controller::invokeAction() - CORE/Cake/Controller/Controller.php, line 473
Dispatcher::_invoke() - CORE/Cake/Routing/Dispatcher.php, line 107
Dispatcher::dispatch() - CORE/Cake/Routing/Dispatcher.php, line 89
[main] - APP/webroot/index.php, line 96

